\BOOKMARK [0][-]{chapter.1}{Introducci\363n}{}% 1
\BOOKMARK [0][-]{chapter.2}{Objetivo y Justificaci\363n}{}% 2
\BOOKMARK [1][-]{section.2.1}{Objetivos}{chapter.2}% 3
\BOOKMARK [2][-]{subsection.2.1.1}{Objetivo General}{section.2.1}% 4
\BOOKMARK [2][-]{subsection.2.1.2}{Objetivos Particulares}{section.2.1}% 5
\BOOKMARK [1][-]{section.2.2}{Justificaci\363n}{chapter.2}% 6
\BOOKMARK [0][-]{chapter.3}{Marco te\363rico}{}% 7
\BOOKMARK [1][-]{subsection.3.0.1}{Entalp\355a de reacci\363n}{chapter.3}% 8
\BOOKMARK [2][-]{subsection.3.0.2}{Condiciones est\341ndar}{subsection.3.0.1}% 9
\BOOKMARK [2][-]{subsection.3.0.3}{Calorimetr\355a}{subsection.3.0.1}% 10
\BOOKMARK [2][-]{subsection.3.0.4}{Ley de Hess}{subsection.3.0.1}% 11
\BOOKMARK [2][-]{subsection.3.0.5}{Entalp\355a de formaci\363n}{subsection.3.0.1}% 12
\BOOKMARK [0][-]{chapter.4}{Metodolog\355a}{}% 13
\BOOKMARK [0][-]{chapter.5}{Resultados y discusi\363n}{}% 14
\BOOKMARK [1][-]{section.5.1}{Algoritmo \(dise\361o del programa\)}{chapter.5}% 15
\BOOKMARK [2][-]{subsection.5.1.1}{Paso 1 del diagrama de flujo general}{section.5.1}% 16
\BOOKMARK [2][-]{subsection.5.1.2}{Paso 2 del diagrama de flujo general}{section.5.1}% 17
\BOOKMARK [2][-]{subsection.5.1.3}{Paso 3 del diagrama de flujo general}{section.5.1}% 18
\BOOKMARK [2][-]{subsection.5.1.4}{Paso 4 del diagrama de flujo general}{section.5.1}% 19
\BOOKMARK [2][-]{subsection.5.1.5}{Paso 5 del diagrama de flujo general}{section.5.1}% 20
\BOOKMARK [2][-]{subsection.5.1.6}{Paso 6 del diagrama de flujo general}{section.5.1}% 21
\BOOKMARK [2][-]{subsection.5.1.7}{Paso 7 del diagrama de flujo general}{section.5.1}% 22
\BOOKMARK [2][-]{subsection.5.1.8}{Paso 8 y 9 del diagrama de flujo general}{section.5.1}% 23
\BOOKMARK [2][-]{subsection.5.1.9}{Paso 10 del diagrama de flujo general}{section.5.1}% 24
\BOOKMARK [2][-]{subsection.5.1.10}{Paso 11 del diagrama de flujo general}{section.5.1}% 25
\BOOKMARK [1][-]{section.5.2}{C\363digo}{chapter.5}% 26
\BOOKMARK [1][-]{section.5.3}{Conjunto de pruebas}{chapter.5}% 27
\BOOKMARK [2][-]{subsection.5.3.1}{Conjunto de pruebas: 2NBA, 3NBA y 4NBA}{section.5.3}% 28
\BOOKMARK [0][-]{chapter.6}{Conclusi\363n}{}% 29
\BOOKMARK [0][-]{appendix.Alph1}{Funcionamiento del programa}{}% 30
\BOOKMARK [0][-]{appendix.Alph2}{Programas adicionales}{}% 31
\BOOKMARK [1][-]{section.Alph2.1}{EnthalpyNIST}{appendix.Alph2}% 32
\BOOKMARK [1][-]{section.Alph2.2}{EnthalpyTajti}{appendix.Alph2}% 33
\BOOKMARK [1][-]{section.Alph2.3}{EnthalpyArgonne}{appendix.Alph2}% 34
\BOOKMARK [0][-]{section.Alph2.3}{Referencias}{}% 35
